{"timestamp":"2026-06-23T06:49:52.114Z","event":"PAYMENT_INITIATED","level":"info","amount":3}
{"timestamp":"2026-06-23T06:49:58.631Z","event":"PAYMENT_INITIATED","level":"info","amount":3,"phone":254724409796}
{"timestamp":"2026-06-23T06:49:59.908Z","event":"STK_PUSH_SUCCESS","level":"info","checkoutId":"6345-42fe-ac71-c45506270a87765651","responseCode":"0","amount":3,"phone":254724409796,"meta":{"merchantRequestId":"6345-42fe-ac71-c45506270a87765651","checkoutRequestId":"ws_CO_23062026094959769724409796"}}
{"timestamp":"2026-06-23T06:50:00.398Z","event":"POLL_TICK","level":"info","checkoutId":"6345-42fe-ac71-c45506270a87765651","status":"pending"}
{"timestamp":"2026-06-23T06:50:02.202Z","event":"POLL_TICK","level":"info","checkoutId":"6345-42fe-ac71-c45506270a87765651","status":"pending"}
{"timestamp":"2026-06-23T06:50:04.634Z","event":"POLL_TICK","level":"info","checkoutId":"6345-42fe-ac71-c45506270a87765651","status":"pending"}
{"timestamp":"2026-06-23T06:50:07.202Z","event":"POLL_TICK","level":"info","checkoutId":"6345-42fe-ac71-c45506270a87765651","status":"pending"}
{"timestamp":"2026-06-23T06:50:08.966Z","event":"POLL_TICK","level":"info","checkoutId":"6345-42fe-ac71-c45506270a87765651","status":"pending"}
{"timestamp":"2026-06-23T06:50:10.966Z","event":"POLL_TICK","level":"info","checkoutId":"6345-42fe-ac71-c45506270a87765651","status":"pending"}
{"timestamp":"2026-06-23T06:50:13.177Z","event":"POLL_TICK","level":"info","checkoutId":"6345-42fe-ac71-c45506270a87765651","status":"pending"}
{"timestamp":"2026-06-23T06:50:14.953Z","event":"POLL_TICK","level":"info","checkoutId":"6345-42fe-ac71-c45506270a87765651","status":"pending"}
{"timestamp":"2026-06-23T06:50:16.957Z","event":"POLL_TICK","level":"info","checkoutId":"6345-42fe-ac71-c45506270a87765651","status":"pending"}
{"timestamp":"2026-06-23T06:50:18.384Z","event":"POLL_TICK","level":"info","checkoutId":"6345-42fe-ac71-c45506270a87765651","status":"pending"}
{"timestamp":"2026-06-23T06:50:20.197Z","event":"POLL_TICK","level":"info","checkoutId":"6345-42fe-ac71-c45506270a87765651","status":"pending"}
{"timestamp":"2026-06-23T06:50:22.194Z","event":"POLL_TICK","level":"info","checkoutId":"6345-42fe-ac71-c45506270a87765651","status":"pending"}
{"timestamp":"2026-06-23T06:50:24.497Z","event":"POLL_TICK","level":"info","checkoutId":"6345-42fe-ac71-c45506270a87765651","status":"pending"}
{"timestamp":"2026-06-23T06:50:26.237Z","event":"POLL_TICK","level":"info","checkoutId":"6345-42fe-ac71-c45506270a87765651","status":"pending"}
{"timestamp":"2026-06-23T06:50:28.186Z","event":"POLL_TICK","level":"info","checkoutId":"6345-42fe-ac71-c45506270a87765651","status":"failed"}
{"timestamp":"2026-06-23T06:50:28.186Z","event":"POLL_FAILED","level":"error","checkoutId":"6345-42fe-ac71-c45506270a87765651","status":"failed"}
{"timestamp":"2026-06-23T07:19:11.724Z","event":"PAYMENT_INITIATED","level":"info","amount":3}
{"timestamp":"2026-06-23T07:19:16.689Z","event":"PAYMENT_INITIATED","level":"info","amount":3,"phone":254724409796}
{"timestamp":"2026-06-23T07:19:18.037Z","event":"STK_PUSH_SUCCESS","level":"info","checkoutId":"5eaf-49a3-9ec5-6524010ca948888375","responseCode":"0","amount":3,"phone":254724409796,"meta":{"merchantRequestId":"5eaf-49a3-9ec5-6524010ca948888375","checkoutRequestId":"ws_CO_23062026101917821724409796"}}
{"timestamp":"2026-06-23T07:19:18.651Z","event":"POLL_TICK","level":"info","checkoutId":"5eaf-49a3-9ec5-6524010ca948888375","status":"pending"}
{"timestamp":"2026-06-23T07:19:20.343Z","event":"POLL_TICK","level":"info","checkoutId":"5eaf-49a3-9ec5-6524010ca948888375","status":"pending"}
{"timestamp":"2026-06-23T07:19:22.347Z","event":"POLL_TICK","level":"info","checkoutId":"5eaf-49a3-9ec5-6524010ca948888375","status":"pending"}
{"timestamp":"2026-06-23T07:19:24.551Z","event":"POLL_TICK","level":"info","checkoutId":"5eaf-49a3-9ec5-6524010ca948888375","status":"pending"}
{"timestamp":"2026-06-23T07:19:26.357Z","event":"POLL_TICK","level":"info","checkoutId":"5eaf-49a3-9ec5-6524010ca948888375","status":"pending"}
{"timestamp":"2026-06-23T07:19:28.338Z","event":"POLL_TICK","level":"info","checkoutId":"5eaf-49a3-9ec5-6524010ca948888375","status":"pending"}
{"timestamp":"2026-06-23T07:19:29.189Z","event":"PAYMENT_CANCELLED_BY_USER","level":"warn","checkoutId":"5eaf-49a3-9ec5-6524010ca948888375"}
{"timestamp":"2026-06-23T07:20:26.592Z","event":"PAYMENT_INITIATED","level":"info","amount":3}
{"timestamp":"2026-06-23T07:20:29.673Z","event":"PAYMENT_INITIATED","level":"info","amount":3,"phone":254724409796}
{"timestamp":"2026-06-23T07:20:33.401Z","event":"STK_PUSH_SUCCESS","level":"info","checkoutId":"c8fe-4d21-bf2d-7bd4676e5203886245","responseCode":"0","amount":3,"phone":254724409796,"meta":{"merchantRequestId":"c8fe-4d21-bf2d-7bd4676e5203886245","checkoutRequestId":"ws_CO_23062026102032194724409796"}}
{"timestamp":"2026-06-23T07:20:33.810Z","event":"POLL_TICK","level":"info","checkoutId":"c8fe-4d21-bf2d-7bd4676e5203886245","status":"pending"}
{"timestamp":"2026-06-23T07:20:35.699Z","event":"POLL_TICK","level":"info","checkoutId":"c8fe-4d21-bf2d-7bd4676e5203886245","status":"failed"}
{"timestamp":"2026-06-23T07:20:35.700Z","event":"POLL_FAILED","level":"error","checkoutId":"c8fe-4d21-bf2d-7bd4676e5203886245","status":"failed"}
{"timestamp":"2026-06-23T07:21:53.106Z","event":"PAYMENT_INITIATED","level":"info","amount":3,"phone":254724409796}
{"timestamp":"2026-06-23T07:21:55.748Z","event":"STK_PUSH_SUCCESS","level":"info","checkoutId":"7775-4a7b-9167-a838bc623e42815736","responseCode":"0","amount":3,"phone":254724409796,"meta":{"merchantRequestId":"7775-4a7b-9167-a838bc623e42815736","checkoutRequestId":"ws_CO_23062026102155996724409796"}}
{"timestamp":"2026-06-23T07:21:56.031Z","event":"POLL_TICK","level":"info","checkoutId":"7775-4a7b-9167-a838bc623e42815736","status":"pending"}
{"timestamp":"2026-06-23T07:21:58.042Z","event":"POLL_TICK","level":"info","checkoutId":"7775-4a7b-9167-a838bc623e42815736","status":"pending"}
{"timestamp":"2026-06-23T07:22:00.044Z","event":"POLL_TICK","level":"info","checkoutId":"7775-4a7b-9167-a838bc623e42815736","status":"failed"}
{"timestamp":"2026-06-23T07:22:00.046Z","event":"POLL_FAILED","level":"error","checkoutId":"7775-4a7b-9167-a838bc623e42815736","status":"failed"}
{"timestamp":"2026-06-23T07:27:23.796Z","event":"PAYMENT_INITIATED","level":"info","amount":3}
{"timestamp":"2026-06-23T07:27:27.926Z","event":"PAYMENT_INITIATED","level":"info","amount":3,"phone":254724409796}
{"timestamp":"2026-06-23T07:27:30.583Z","event":"STK_PUSH_SUCCESS","level":"info","checkoutId":"c8fe-4d21-bf2d-7bd4676e5203901930","responseCode":"0","amount":3,"phone":254724409796,"meta":{"merchantRequestId":"c8fe-4d21-bf2d-7bd4676e5203901930","checkoutRequestId":"ws_CO_23062026102729295724409796"}}
{"timestamp":"2026-06-23T07:27:30.879Z","event":"POLL_TICK","level":"info","checkoutId":"c8fe-4d21-bf2d-7bd4676e5203901930","status":"pending"}
{"timestamp":"2026-06-23T07:27:33.048Z","event":"POLL_TICK","level":"info","checkoutId":"c8fe-4d21-bf2d-7bd4676e5203901930","status":"pending"}
{"timestamp":"2026-06-23T07:27:34.992Z","event":"POLL_TICK","level":"info","checkoutId":"c8fe-4d21-bf2d-7bd4676e5203901930","status":"pending"}
{"timestamp":"2026-06-23T07:27:36.939Z","event":"POLL_TICK","level":"info","checkoutId":"c8fe-4d21-bf2d-7bd4676e5203901930","status":"pending"}
{"timestamp":"2026-06-23T07:27:38.880Z","event":"POLL_TICK","level":"info","checkoutId":"c8fe-4d21-bf2d-7bd4676e5203901930","status":"pending"}
{"timestamp":"2026-06-23T07:27:40.930Z","event":"POLL_TICK","level":"info","checkoutId":"c8fe-4d21-bf2d-7bd4676e5203901930","status":"completed"}
{"timestamp":"2026-06-23T07:27:40.931Z","event":"POLL_COMPLETED","level":"info","checkoutId":"c8fe-4d21-bf2d-7bd4676e5203901930"}
{"timestamp":"2026-06-23T07:27:42.703Z","event":"CHECKOUT_SUCCESS","level":"info","checkoutId":"c8fe-4d21-bf2d-7bd4676e5203901930"}
